#
# A fatal error has been detected by the Java Runtime Environment:
#
#  SIGBUS (0x7) at pc=0x00007ff8f213a30e, pid=3551, tid=0x00007ff8ce033700
#
# JRE version: Java(TM) SE Runtime Environment (8.0_231-b11) (build 1.8.0_231-b11)
# Java VM: Java HotSpot(TM) 64-Bit Server VM (25.231-b11 mixed mode linux-amd64 compressed oops)
# Problematic frame:
# V  [libjvm.so+0x95b30e]  PerfLongVariant::sample()+0x1e
#
# Core dump written. Default location: /home/sofiene/Documents/projects/toto/core or core.3551
#
# If you would like to submit a bug report, please visit:
#   http://bugreport.java.com/bugreport/crash.jsp
#

---------------  T H R E A D  ---------------

Current thread (0x00007ff8ec0d0000):  WatcherThread [stack: 0x00007ff8cdf34000,0x00007ff8ce034000] [id=3575]

siginfo: si_signo: 7 (SIGBUS), si_code: 2 (BUS_ADRERR), si_addr: 0x00007ff8f2be9420

Registers:
RAX=0x0000000001c0ac28, RBX=0x00007ff8f2be9420, RCX=0x0000000000000002, RDX=0x00007ff8f1a9c0e0
RSP=0x00007ff8ce032d80, RBP=0x00007ff8ce032d90, RSI=0x00007ff8f27a7fec, RDI=0x00007ff8ec00e680
R8 =0x00007ff8ec0d0000, R9 =0x0000000000000032, R10=0x00007ff8ce032e00, R11=0x00000000000006af
R12=0x0000000000000008, R13=0x00007ff8ec0cfbe0, R14=0x0000000000000002, R15=0x0000000000000001
RIP=0x00007ff8f213a30e, EFLAGS=0x0000000000010206, CSGSFS=0x002b000000000033, ERR=0x0000000000000007
  TRAPNO=0x000000000000000e

Top of Stack: (sp=0x00007ff8ce032d80)
0x00007ff8ce032d80:   00007ff8ce032dc0 0000000000000001
0x00007ff8ce032d90:   00007ff8ce032dc0 00007ff8f21d879c
0x00007ff8ce032da0:   0000000000000001 0000000000000032
0x00007ff8ce032db0:   00007ff8f27ae3c0 0000000000000001
0x00007ff8ce032dc0:   00007ff8ce032e10 00007ff8f222939c
0x00007ff8ce032dd0:   00007ff8ec008b60 00000032f28d7607
0x00007ff8ce032de0:   0000000000000000 00007ff8ec0d0000
0x00007ff8ce032df0:   0000000000000032 00007ff8f27a7730
0x00007ff8ce032e00:   0000018e8c664047 0000000000000001
0x00007ff8ce032e10:   00007ff8ce032eb0 00007ff8f224f64d
0x00007ff8ce032e20:   0000000000000004 00000002ec0d1460
0x00007ff8ce032e30:   00007ff8ec0d1370 00007ff8ec008b60
0x00007ff8ce032e40:   0000000000000000 00007ff8ec0d0000
0x00007ff8ce032e50:   00007ff8ce032eb0 00007ff8f20abdaa
0x00007ff8ce032e60:   00007ff8f233ec76 00007ff8ec0d1460
0x00007ff8ce032e70:   00007ff8ce032eb0 00007ff8000aa6ee
0x00007ff8ce032e80:   00007ff8ce032eb0 00007ff8ec0d1460
0x00007ff8ce032e90:   00007ff8ec0d1370 00007ff8ec0d0000
0x00007ff8ce032ea0:   00007ff8f1698c00 00007ff8ce032fc0
0x00007ff8ce032eb0:   00007ff8ce032ef0 00007ff8f20eccb2
0x00007ff8ce032ec0:   0000000000000000 0000000000000000
0x00007ff8ce032ed0:   00007ff8f1698b6e 00007ff8f1698b6f
0x00007ff8ce032ee0:   00007ff8f1698c00 00007ff8ce032fc0
0x00007ff8ce032ef0:   0000000000000000 00007ff8f2bb7f2a
0x00007ff8ce032f00:   0000000000000000 00007ff8ce033700
0x00007ff8ce032f10:   00007ff8ce033700 6302fab01c89310a
0x00007ff8ce032f20:   00007ff8f1698b6e 00007ff8f1698b6f
0x00007ff8ce032f30:   00007ff8f1698c00 00007ff8ce032fc0
0x00007ff8ce032f40:   9cf366b64289310a 9cf31fc6e113310a
0x00007ff8ce032f50:   0000000000000000 0000000000000000
0x00007ff8ce032f60:   0000000000000000 0000000000000000
0x00007ff8ce032f70:   0000000000000000 0000000000000000 

Instructions: (pc=0x00007ff8f213a30e)
0x00007ff8f213a2ee:   1f 00 48 89 f8 48 8b 7f 38 48 85 ff 74 24 55 48
0x00007ff8f213a2fe:   89 e5 53 48 83 ec 08 48 8b 58 28 48 8b 07 ff 10
0x00007ff8f213a30e:   48 89 03 48 83 c4 08 5b 5d c3 0f 1f 84 00 00 00
0x00007ff8f213a31e:   00 00 f3 c3 0f 1f 40 00 66 2e 0f 1f 84 00 00 00 

Register to memory mapping:

RAX=0x0000000001c0ac28 is an unknown value
RBX=0x00007ff8f2be9420 is an unknown value
RCX=0x0000000000000002 is an unknown value
RDX=0x00007ff8f1a9c0e0: <offset 0x2bd0e0> in /usr/java/jdk1.8.0_231-amd64/jre/lib/amd64/server/libjvm.so at 0x00007ff8f17df000
RSP=0x00007ff8ce032d80 is an unknown value
RBP=0x00007ff8ce032d90 is an unknown value
RSI=0x00007ff8f27a7fec: <offset 0xfc8fec> in /usr/java/jdk1.8.0_231-amd64/jre/lib/amd64/server/libjvm.so at 0x00007ff8f17df000
RDI=0x00007ff8ec00e680 is an unknown value
R8 =0x00007ff8ec0d0000 is an unknown value
R9 =0x0000000000000032 is an unknown value
R10=0x00007ff8ce032e00 is an unknown value
R11=0x00000000000006af is an unknown value
R12=0x0000000000000008 is an unknown value
R13=0x00007ff8ec0cfbe0 is an unknown value
R14=0x0000000000000002 is an unknown value
R15=0x0000000000000001 is an unknown value


Stack: [0x00007ff8cdf34000,0x00007ff8ce034000],  sp=0x00007ff8ce032d80,  free space=1019k
Native frames: (J=compiled Java code, j=interpreted, Vv=VM code, C=native code)
V  [libjvm.so+0x95b30e]  PerfLongVariant::sample()+0x1e
V  [libjvm.so+0x9f979c]  StatSamplerTask::task()+0x3c
V  [libjvm.so+0xa4a39c]  PeriodicTask::real_time_tick(int)+0xac
V  [libjvm.so+0xa7064d]  WatcherThread::run()+0x24d
V  [libjvm.so+0x90dcb2]  java_start(Thread*)+0x102


---------------  P R O C E S S  ---------------

Java Threads: ( => current thread )
  0x00007ff8ece84800 JavaThread "BasicRepositoryConnector-repo.maven.apache.org-17-4" daemon [_thread_in_native, id=4216, stack(0x00007ff8cc970000,0x00007ff8cca71000)]
  0x00007ff8ed205800 JavaThread "BasicRepositoryConnector-repo.maven.apache.org-17-3" daemon [_thread_in_native, id=4215, stack(0x00007ff8cc76e000,0x00007ff8cc86f000)]
  0x00007ff8ed228000 JavaThread "BasicRepositoryConnector-repo.maven.apache.org-17-2" daemon [_thread_in_native, id=4214, stack(0x00007ff8cc66d000,0x00007ff8cc76e000)]
  0x00007ff8ed222000 JavaThread "BasicRepositoryConnector-repo.maven.apache.org-17-1" daemon [_thread_in_native, id=4213, stack(0x00007ff8cc86f000,0x00007ff8cc970000)]
  0x00007ff8ecaf0800 JavaThread "BasicRepositoryConnector-repo.maven.apache.org-17-0" daemon [_thread_in_native, id=4212, stack(0x00007ff8cca71000,0x00007ff8ccb72000)]
  0x00007ff8ec0cd800 JavaThread "Service Thread" daemon [_thread_blocked, id=3574, stack(0x00007ff8ce034000,0x00007ff8ce135000)]
  0x00007ff8ec0c0800 JavaThread "C1 CompilerThread2" daemon [_thread_blocked, id=3573, stack(0x00007ff8ce136000,0x00007ff8ce236000)]
  0x00007ff8ec0be800 JavaThread "C2 CompilerThread1" daemon [_thread_blocked, id=3572, stack(0x00007ff8ce237000,0x00007ff8ce337000)]
  0x00007ff8ec0bc000 JavaThread "C2 CompilerThread0" daemon [_thread_blocked, id=3571, stack(0x00007ff8ce338000,0x00007ff8ce438000)]
  0x00007ff8ec0ba800 JavaThread "Signal Dispatcher" daemon [_thread_blocked, id=3570, stack(0x00007ff8ce438000,0x00007ff8ce539000)]
  0x00007ff8ec085800 JavaThread "Finalizer" daemon [_thread_blocked, id=3569, stack(0x00007ff8ce804000,0x00007ff8ce905000)]
  0x00007ff8ec081000 JavaThread "Reference Handler" daemon [_thread_blocked, id=3568, stack(0x00007ff8ce905000,0x00007ff8cea06000)]
  0x00007ff8ec009800 JavaThread "main" [_thread_blocked, id=3562, stack(0x00007ff8f159a000,0x00007ff8f169a000)]

Other Threads:
  0x00007ff8ec077800 VMThread [stack: 0x00007ff8cea07000,0x00007ff8ceb07000] [id=3567]
=>0x00007ff8ec0d0000 WatcherThread [stack: 0x00007ff8cdf34000,0x00007ff8ce034000] [id=3575]

VM state:not at safepoint (normal execution)

VM Mutex/Monitor currently owned by a thread:  ([mutex/lock_event])
[0x00007ff8ec008b60] PeriodicTask_lock - owner thread: 0x00007ff8ec0d0000

heap address: 0x00000006c7e00000, size: 3970 MB, Compressed Oops mode: Zero based, Oop shift amount: 3
Narrow klass base: 0x0000000000000000, Narrow klass shift: 3
Compressed class space size: 1073741824 Address: 0x00000007c0000000

Heap:
 PSYoungGen      total 68608K, used 38676K [0x000000076d500000, 0x0000000772a80000, 0x00000007c0000000)
  eden space 50688K, 59% used [0x000000076d500000,0x000000076f2ad820,0x0000000770680000)
  from space 17920K, 46% used [0x0000000771900000,0x0000000772117ba0,0x0000000772a80000)
  to   space 18432K, 0% used [0x0000000770680000,0x0000000770680000,0x0000000771880000)
 ParOldGen       total 122880K, used 28432K [0x00000006c7e00000, 0x00000006cf600000, 0x000000076d500000)
  object space 122880K, 23% used [0x00000006c7e00000,0x00000006c99c4288,0x00000006cf600000)
 Metaspace       used 31165K, capacity 32042K, committed 32384K, reserved 1077248K
  class space    used 3528K, capacity 3841K, committed 3968K, reserved 1048576K

Card table byte_map: [0x00007ff8f037d000,0x00007ff8f0b3f000] byte_map_base: 0x00007ff8ecd3e000

Marking Bits: (ParMarkBitMap*) 0x00007ff8f27abde0
 Begin Bits: [0x00007ff8d03f0000, 0x00007ff8d41f8000)
 End Bits:   [0x00007ff8d41f8000, 0x00007ff8d8000000)

Polling page: 0x00007ff8f2c19000

CodeCache: size=245760Kb used=24009Kb max_used=24180Kb free=221750Kb
 bounds [0x00007ff8dd000000, 0x00007ff8de7d0000, 0x00007ff8ec000000]
 total_blobs=6988 nmethods=6548 adapters=352
 compilation: enabled

Compilation events (10 events):
Event: 966.413 Thread 0x00007ff8ec0be800 7873   !   4       org.apache.maven.wagon.providers.http.httpclient.message.BasicLineParser::parseProtocolVersion (420 bytes)
Event: 966.555 Thread 0x00007ff8ec0be800 nmethod 7873 0x00007ff8de7c5e10 code [0x00007ff8de7c6160, 0x00007ff8de7c8bd8]
Event: 969.341 Thread 0x00007ff8ec0bc000 7874       4       java.lang.StringBuilder::getChars (10 bytes)
Event: 969.345 Thread 0x00007ff8ec0bc000 nmethod 7874 0x00007ff8dd276490 code [0x00007ff8dd2765e0, 0x00007ff8dd276798]
Event: 973.977 Thread 0x00007ff8ec0be800 7875       4       java.lang.AbstractStringBuilder::append (54 bytes)
Event: 974.004 Thread 0x00007ff8ec0be800 nmethod 7875 0x00007ff8dd26b7d0 code [0x00007ff8dd26b960, 0x00007ff8dd26c168]
Event: 982.213 Thread 0x00007ff8ec0bc000 7876       4       sun.util.locale.provider.CalendarNameProviderImpl::getResourceKeyFor (369 bytes)
Event: 982.286 Thread 0x00007ff8ec0bc000 nmethod 7876 0x00007ff8de192f90 code [0x00007ff8de193260, 0x00007ff8de1942c0]
Event: 990.249 Thread 0x00007ff8ec0be800 7877       4       java.util.regex.Matcher::appendReplacement (571 bytes)
Event: 990.314 Thread 0x00007ff8ec0be800 nmethod 7877 0x00007ff8dd517450 code [0x00007ff8dd517600, 0x00007ff8dd518598]

GC Heap History (10 events):
Event: 934.743 GC heap before
{Heap before GC invocations=21 (full 1):
 PSYoungGen      total 64512K, used 64099K [0x000000076d500000, 0x0000000772e00000, 0x00000007c0000000)
  eden space 53248K, 100% used [0x000000076d500000,0x0000000770900000,0x0000000770900000)
  from space 11264K, 96% used [0x0000000770980000,0x0000000771418c00,0x0000000771480000)
  to   space 18944K, 0% used [0x0000000771b80000,0x0000000771b80000,0x0000000772e00000)
 ParOldGen       total 122880K, used 27117K [0x00000006c7e00000, 0x00000006cf600000, 0x000000076d500000)
  object space 122880K, 22% used [0x00000006c7e00000,0x00000006c987b688,0x00000006cf600000)
 Metaspace       used 31140K, capacity 31978K, committed 32384K, reserved 1077248K
  class space    used 3528K, capacity 3841K, committed 3968K, reserved 1048576K
Event: 934.762 GC heap after
Heap after GC invocations=21 (full 1):
 PSYoungGen      total 70144K, used 12552K [0x000000076d500000, 0x0000000772c80000, 0x00000007c0000000)
  eden space 52736K, 0% used [0x000000076d500000,0x000000076d500000,0x0000000770880000)
  from space 17408K, 72% used [0x0000000771b80000,0x00000007727c2250,0x0000000772c80000)
  to   space 18432K, 0% used [0x0000000770880000,0x0000000770880000,0x0000000771a80000)
 ParOldGen       total 122880K, used 28016K [0x00000006c7e00000, 0x00000006cf600000, 0x000000076d500000)
  object space 122880K, 22% used [0x00000006c7e00000,0x00000006c995c288,0x00000006cf600000)
 Metaspace       used 31140K, capacity 31978K, committed 32384K, reserved 1077248K
  class space    used 3528K, capacity 3841K, committed 3968K, reserved 1048576K
}
Event: 948.854 GC heap before
{Heap before GC invocations=22 (full 1):
 PSYoungGen      total 70144K, used 65288K [0x000000076d500000, 0x0000000772c80000, 0x00000007c0000000)
  eden space 52736K, 100% used [0x000000076d500000,0x0000000770880000,0x0000000770880000)
  from space 17408K, 72% used [0x0000000771b80000,0x00000007727c2250,0x0000000772c80000)
  to   space 18432K, 0% used [0x0000000770880000,0x0000000770880000,0x0000000771a80000)
 ParOldGen       total 122880K, used 28016K [0x00000006c7e00000, 0x00000006cf600000, 0x000000076d500000)
  object space 122880K, 22% used [0x00000006c7e00000,0x00000006c995c288,0x00000006cf600000)
 Metaspace       used 31145K, capacity 32042K, committed 32384K, reserved 1077248K
  class space    used 3528K, capacity 3841K, committed 3968K, reserved 1048576K
Event: 948.872 GC heap after
Heap after GC invocations=22 (full 1):
 PSYoungGen      total 70656K, used 14134K [0x000000076d500000, 0x0000000772d00000, 0x00000007c0000000)
  eden space 52224K, 0% used [0x000000076d500000,0x000000076d500000,0x0000000770800000)
  from space 18432K, 76% used [0x0000000770880000,0x000000077164daa0,0x0000000771a80000)
  to   space 18944K, 0% used [0x0000000771a80000,0x0000000771a80000,0x0000000772d00000)
 ParOldGen       total 122880K, used 28168K [0x00000006c7e00000, 0x00000006cf600000, 0x000000076d500000)
  object space 122880K, 22% used [0x00000006c7e00000,0x00000006c9982288,0x00000006cf600000)
 Metaspace       used 31145K, capacity 32042K, committed 32384K, reserved 1077248K
  class space    used 3528K, capacity 3841K, committed 3968K, reserved 1048576K
}
Event: 963.346 GC heap before
{Heap before GC invocations=23 (full 1):
 PSYoungGen      total 70656K, used 66358K [0x000000076d500000, 0x0000000772d00000, 0x00000007c0000000)
  eden space 52224K, 100% used [0x000000076d500000,0x0000000770800000,0x0000000770800000)
  from space 18432K, 76% used [0x0000000770880000,0x000000077164daa0,0x0000000771a80000)
  to   space 18944K, 0% used [0x0000000771a80000,0x0000000771a80000,0x0000000772d00000)
 ParOldGen       total 122880K, used 28168K [0x00000006c7e00000, 0x00000006cf600000, 0x000000076d500000)
  object space 122880K, 22% used [0x00000006c7e00000,0x00000006c9982288,0x00000006cf600000)
 Metaspace       used 31164K, capacity 32042K, committed 32384K, reserved 1077248K
  class space    used 3528K, capacity 3841K, committed 3968K, reserved 1048576K
Event: 963.363 GC heap after
Heap after GC invocations=23 (full 1):
 PSYoungGen      total 70144K, used 13379K [0x000000076d500000, 0x0000000772c80000, 0x00000007c0000000)
  eden space 51712K, 0% used [0x000000076d500000,0x000000076d500000,0x0000000770780000)
  from space 18432K, 72% used [0x0000000771a80000,0x0000000772790ee0,0x0000000772c80000)
  to   space 18944K, 0% used [0x0000000770780000,0x0000000770780000,0x0000000771a00000)
 ParOldGen       total 122880K, used 28272K [0x00000006c7e00000, 0x00000006cf600000, 0x000000076d500000)
  object space 122880K, 23% used [0x00000006c7e00000,0x00000006c999c288,0x00000006cf600000)
 Metaspace       used 31164K, capacity 32042K, committed 32384K, reserved 1077248K
  class space    used 3528K, capacity 3841K, committed 3968K, reserved 1048576K
}
Event: 997.146 GC heap before
{Heap before GC invocations=24 (full 1):
 PSYoungGen      total 70144K, used 65080K [0x000000076d500000, 0x0000000772c80000, 0x00000007c0000000)
  eden space 51712K, 99% used [0x000000076d500000,0x000000077077d1b8,0x0000000770780000)
  from space 18432K, 72% used [0x0000000771a80000,0x0000000772790ee0,0x0000000772c80000)
  to   space 18944K, 0% used [0x0000000770780000,0x0000000770780000,0x0000000771a00000)
 ParOldGen       total 122880K, used 28272K [0x00000006c7e00000, 0x00000006cf600000, 0x000000076d500000)
  object space 122880K, 23% used [0x00000006c7e00000,0x00000006c999c288,0x00000006cf600000)
 Metaspace       used 31164K, capacity 32042K, committed 32384K, reserved 1077248K
  class space    used 3528K, capacity 3841K, committed 3968K, reserved 1048576K
Event: 997.165 GC heap after
Heap after GC invocations=24 (full 1):
 PSYoungGen      total 61952K, used 10695K [0x000000076d500000, 0x0000000772b00000, 0x00000007c0000000)
  eden space 51200K, 0% used [0x000000076d500000,0x000000076d500000,0x0000000770700000)
  from space 10752K, 99% used [0x0000000770780000,0x00000007711f1f40,0x0000000771200000)
  to   space 18432K, 0% used [0x0000000771900000,0x0000000771900000,0x0000000772b00000)
 ParOldGen       total 122880K, used 28400K [0x00000006c7e00000, 0x00000006cf600000, 0x000000076d500000)
  object space 122880K, 23% used [0x00000006c7e00000,0x00000006c99bc288,0x00000006cf600000)
 Metaspace       used 31164K, capacity 32042K, committed 32384K, reserved 1077248K
  class space    used 3528K, capacity 3841K, committed 3968K, reserved 1048576K
}
Event: 1026.340 GC heap before
{Heap before GC invocations=25 (full 1):
 PSYoungGen      total 61952K, used 61893K [0x000000076d500000, 0x0000000772b00000, 0x00000007c0000000)
  eden space 51200K, 99% used [0x000000076d500000,0x00000007706ff588,0x0000000770700000)
  from space 10752K, 99% used [0x0000000770780000,0x00000007711f1f40,0x0000000771200000)
  to   space 18432K, 0% used [0x0000000771900000,0x0000000771900000,0x0000000772b00000)
 ParOldGen       total 122880K, used 28400K [0x00000006c7e00000, 0x00000006cf600000, 0x000000076d500000)
  object space 122880K, 23% used [0x00000006c7e00000,0x00000006c99bc288,0x00000006cf600000)
 Metaspace       used 31164K, capacity 32042K, committed 32384K, reserved 1077248K
  class space    used 3528K, capacity 3841K, committed 3968K, reserved 1048576K
Event: 1026.354 GC heap after
Heap after GC invocations=25 (full 1):
 PSYoungGen      total 68608K, used 8286K [0x000000076d500000, 0x0000000772a80000, 0x00000007c0000000)
  eden space 50688K, 0% used [0x000000076d500000,0x000000076d500000,0x0000000770680000)
  from space 17920K, 46% used [0x0000000771900000,0x0000000772117ba0,0x0000000772a80000)
  to   space 18432K, 0% used [0x0000000770680000,0x0000000770680000,0x0000000771880000)
 ParOldGen       total 122880K, used 28432K [0x00000006c7e00000, 0x00000006cf600000, 0x000000076d500000)
  object space 122880K, 23% used [0x00000006c7e00000,0x00000006c99c4288,0x00000006cf600000)
 Metaspace       used 31164K, capacity 32042K, committed 32384K, reserved 1077248K
  class space    used 3528K, capacity 3841K, committed 3968K, reserved 1048576K
}

Deoptimization events (10 events):
Event: 894.195 Thread 0x00007ff8ec009800 Uncommon trap: reason=class_check action=maybe_recompile pc=0x00007ff8dd5d3618 method=org.eclipse.aether.artifact.AbstractArtifact.hashCode()I @ 8
Event: 894.195 Thread 0x00007ff8ec009800 Uncommon trap: reason=class_check action=maybe_recompile pc=0x00007ff8dd5d3618 method=org.eclipse.aether.artifact.AbstractArtifact.hashCode()I @ 8
Event: 894.198 Thread 0x00007ff8ec009800 Uncommon trap: reason=class_check action=maybe_recompile pc=0x00007ff8dd5d3618 method=org.eclipse.aether.artifact.AbstractArtifact.hashCode()I @ 8
Event: 894.198 Thread 0x00007ff8ec009800 Uncommon trap: reason=class_check action=maybe_recompile pc=0x00007ff8dd5d3618 method=org.eclipse.aether.artifact.AbstractArtifact.hashCode()I @ 8
Event: 902.022 Thread 0x00007ff8ec009800 Uncommon trap: reason=unstable_if action=reinterpret pc=0x00007ff8dd20c1f0 method=java.util.regex.Pattern$Curly.match0(Ljava/util/regex/Matcher;IILjava/lang/CharSequence;)Z @ 5
Event: 902.022 Thread 0x00007ff8ec009800 Uncommon trap: reason=unstable_if action=reinterpret pc=0x00007ff8dd93ce88 method=java.util.regex.Pattern$Curly.match0(Ljava/util/regex/Matcher;IILjava/lang/CharSequence;)Z @ 5
Event: 924.613 Thread 0x00007ff8ec009800 Uncommon trap: reason=null_check action=make_not_entrant pc=0x00007ff8de2c4818 method=java.lang.Integer.equals(Ljava/lang/Object;)Z @ 1
Event: 924.613 Thread 0x00007ff8ec009800 Uncommon trap: reason=unstable_if action=reinterpret pc=0x00007ff8de4d471c method=org.eclipse.aether.util.graph.transformer.ConflictResolver$State.push(Lorg/eclipse/aether/graph/DependencyNode;Ljava/lang/Object;)Z @ 1
Event: 924.613 Thread 0x00007ff8ec009800 Uncommon trap: reason=null_check action=make_not_entrant pc=0x00007ff8de2b5f64 method=java.lang.Integer.equals(Ljava/lang/Object;)Z @ 1
Event: 953.829 Thread 0x00007ff8ecaf0800 Uncommon trap: reason=null_check action=make_not_entrant pc=0x00007ff8de6c47d0 method=java.text.SimpleDateFormat.checkNegativeNumberExpression()V @ 40

Classes redefined (0 events):
No events

Internal exceptions (10 events):
Event: 1037.680 Thread 0x00007ff8ed205800 Exception <a 'java/net/SocketTimeoutException': Read timed out> (0x000000076e88ac90) thrown at [/HUDSON/workspace/8-2-build-linux-amd64/jdk8u231/13620/hotspot/src/share/vm/prims/jni.cpp, line 736]
Event: 1038.294 Thread 0x00007ff8ed205800 Exception <a 'java/net/SocketTimeoutException': Read timed out> (0x000000076e899348) thrown at [/HUDSON/workspace/8-2-build-linux-amd64/jdk8u231/13620/hotspot/src/share/vm/prims/jni.cpp, line 736]
Event: 1040.673 Thread 0x00007ff8ed222000 Exception <a 'java/net/SocketTimeoutException': Read timed out> (0x000000076ea68170) thrown at [/HUDSON/workspace/8-2-build-linux-amd64/jdk8u231/13620/hotspot/src/share/vm/prims/jni.cpp, line 736]
Event: 1041.221 Thread 0x00007ff8ed205800 Exception <a 'java/net/SocketTimeoutException': Read timed out> (0x000000076eb85578) thrown at [/HUDSON/workspace/8-2-build-linux-amd64/jdk8u231/13620/hotspot/src/share/vm/prims/jni.cpp, line 736]
Event: 1041.757 Thread 0x00007ff8ed222000 Exception <a 'java/net/SocketTimeoutException': Read timed out> (0x000000076ea768a8) thrown at [/HUDSON/workspace/8-2-build-linux-amd64/jdk8u231/13620/hotspot/src/share/vm/prims/jni.cpp, line 736]
Event: 1042.285 Thread 0x00007ff8ed205800 Exception <a 'java/net/SocketTimeoutException': Read timed out> (0x000000076eb93dc8) thrown at [/HUDSON/workspace/8-2-build-linux-amd64/jdk8u231/13620/hotspot/src/share/vm/prims/jni.cpp, line 736]
Event: 1043.599 Thread 0x00007ff8ecaf0800 Exception <a 'java/io/IOException'> (0x000000076f0abc10) thrown at [/HUDSON/workspace/8-2-build-linux-amd64/jdk8u231/13620/hotspot/src/share/vm/prims/jni.cpp, line 710]
Event: 1043.848 Thread 0x00007ff8ed205800 Exception <a 'java/io/IOException'> (0x000000076eba3980) thrown at [/HUDSON/workspace/8-2-build-linux-amd64/jdk8u231/13620/hotspot/src/share/vm/prims/jni.cpp, line 710]
Event: 1044.118 Thread 0x00007ff8ece84800 Exception <a 'java/io/IOException'> (0x000000076effb248) thrown at [/HUDSON/workspace/8-2-build-linux-amd64/jdk8u231/13620/hotspot/src/share/vm/prims/jni.cpp, line 710]
Event: 1044.119 Thread 0x00007ff8ed228000 Exception <a 'java/io/IOException'> (0x000000076ef9a608) thrown at [/HUDSON/workspace/8-2-build-linux-amd64/jdk8u231/13620/hotspot/src/share/vm/prims/jni.cpp, line 710]

Events (10 events):
Event: 974.005 Thread 0x00007ff8ec0be800 flushing nmethod 0x00007ff8dd721190
Event: 982.286 Thread 0x00007ff8ec0bc000 flushing nmethod 0x00007ff8dd7a4f90
Event: 982.286 Thread 0x00007ff8ec0bc000 flushing nmethod 0x00007ff8dd7b9d50
Event: 982.286 Thread 0x00007ff8ec0bc000 flushing nmethod 0x00007ff8dd841550
Event: 982.286 Thread 0x00007ff8ec0bc000 flushing nmethod 0x00007ff8dd84d910
Event: 990.314 Thread 0x00007ff8ec0be800 flushing nmethod 0x00007ff8dd886bd0
Event: 997.146 Executing VM operation: ParallelGCFailedAllocation
Event: 997.165 Executing VM operation: ParallelGCFailedAllocation done
Event: 1026.340 Executing VM operation: ParallelGCFailedAllocation
Event: 1026.354 Executing VM operation: ParallelGCFailedAllocation done


Dynamic libraries:
00400000-00401000 r-xp 00000000 00:2f 340181                             /usr/java/jdk1.8.0_231-amd64/bin/java
00600000-00601000 r--p 00000000 00:2f 340181                             /usr/java/jdk1.8.0_231-amd64/bin/java
00601000-00602000 rw-p 00001000 00:2f 340181                             /usr/java/jdk1.8.0_231-amd64/bin/java
020bd000-020de000 rw-p 00000000 00:00 0                                  [heap]
6c7e00000-6cf600000 rw-p 00000000 00:00 0 
6cf600000-76d500000 ---p 00000000 00:00 0 
76d500000-772a80000 rw-p 00000000 00:00 0 
772a80000-7c0000000 ---p 00000000 00:00 0 
7c0000000-7c03e0000 rw-p 00000000 00:00 0 
7c03e0000-800000000 ---p 00000000 00:00 0 
7ff880000000-7ff880086000 rw-p 00000000 00:00 0 
7ff880086000-7ff884000000 ---p 00000000 00:00 0 
7ff888000000-7ff888021000 rw-p 00000000 00:00 0 
7ff888021000-7ff88c000000 ---p 00000000 00:00 0 
7ff88c000000-7ff88c086000 rw-p 00000000 00:00 0 
7ff88c086000-7ff890000000 ---p 00000000 00:00 0 
7ff890000000-7ff89008b000 rw-p 00000000 00:00 0 
7ff89008b000-7ff894000000 ---p 00000000 00:00 0 
7ff894000000-7ff894086000 rw-p 00000000 00:00 0 
7ff894086000-7ff898000000 ---p 00000000 00:00 0 
7ff898000000-7ff898021000 rw-p 00000000 00:00 0 
7ff898021000-7ff89c000000 ---p 00000000 00:00 0 
7ff89c000000-7ff89c29b000 rw-p 00000000 00:00 0 
7ff89c29b000-7ff8a0000000 ---p 00000000 00:00 0 
7ff8a0000000-7ff8a1fbf000 rw-p 00000000 00:00 0 
7ff8a1fbf000-7ff8a4000000 ---p 00000000 00:00 0 
7ff8a4000000-7ff8a49c8000 rw-p 00000000 00:00 0 
7ff8a49c8000-7ff8a8000000 ---p 00000000 00:00 0 
7ff8a8000000-7ff8a8021000 rw-p 00000000 00:00 0 
7ff8a8021000-7ff8ac000000 ---p 00000000 00:00 0 
7ff8ac000000-7ff8adf40000 rw-p 00000000 00:00 0 
7ff8adf40000-7ff8b0000000 ---p 00000000 00:00 0 
7ff8b0000000-7ff8b0021000 rw-p 00000000 00:00 0 
7ff8b0021000-7ff8b4000000 ---p 00000000 00:00 0 
7ff8b4000000-7ff8b4021000 rw-p 00000000 00:00 0 
7ff8b4021000-7ff8b8000000 ---p 00000000 00:00 0 
7ff8b8000000-7ff8b8021000 rw-p 00000000 00:00 0 
7ff8b8021000-7ff8bc000000 ---p 00000000 00:00 0 
7ff8bc000000-7ff8bc052000 rw-p 00000000 00:00 0 
7ff8bc052000-7ff8c0000000 ---p 00000000 00:00 0 
7ff8c0000000-7ff8c0021000 rw-p 00000000 00:00 0 
7ff8c0021000-7ff8c4000000 ---p 00000000 00:00 0 
7ff8c63ff000-7ff8c65bf000 rw-p 00000000 00:00 0 
7ff8c65bf000-7ff8c65ff000 ---p 00000000 00:00 0 
7ff8c65ff000-7ff8c67ff000 rw-p 00000000 00:00 0 
7ff8c67ff000-7ff8c8000000 rw-p 00000000 00:00 0 
7ff8c8000000-7ff8c8021000 rw-p 00000000 00:00 0 
7ff8c8021000-7ff8cc000000 ---p 00000000 00:00 0 
7ff8cc138000-7ff8cc139000 r--s 00002000 00:36 40038                      /root/.m2/repository/org/codehaus/plexus/plexus-digest/1.0/plexus-digest-1.0.jar
7ff8cc139000-7ff8cc13d000 r--s 00035000 00:36 40036                      /root/.m2/repository/org/codehaus/plexus/plexus-utils/3.0.5/plexus-utils-3.0.5.jar
7ff8cc13d000-7ff8cc13e000 r--s 00006000 00:36 35526                      /root/.m2/repository/org/apache/maven/plugins/maven-install-plugin/2.4/maven-install-plugin-2.4.jar
7ff8cc13e000-7ff8cc13f000 r--s 00007000 00:36 35835                      /root/.m2/repository/org/apache/maven/plugins/maven-source-plugin/3.0.1/maven-source-plugin-3.0.1.jar
7ff8cc13f000-7ff8cc174000 r--s 00000000 00:3a 12788                      /var/lib/nscd/group
7ff8cc174000-7ff8cc178000 r--s 00039000 00:36 39977                      /root/.m2/repository/org/codehaus/plexus/plexus-utils/3.0.24/plexus-utils-3.0.24.jar
7ff8cc178000-7ff8cc17c000 r--s 00015000 00:36 39975                      /root/.m2/repository/org/tukaani/xz/1.5/xz-1.5.jar
7ff8cc17c000-7ff8cc17e000 r--s 0000d000 00:36 39973                      /root/.m2/repository/org/iq80/snappy/snappy/0.4/snappy-0.4.jar
7ff8cc17e000-7ff8cc186000 r--s 00060000 00:36 39970                      /root/.m2/repository/org/apache/commons/commons-compress/1.11/commons-compress-1.11.jar
7ff8cc186000-7ff8cc189000 r--s 00012000 00:36 39965                      /root/.m2/repository/org/codehaus/plexus/plexus-io/2.7.1/plexus-io-2.7.1.jar
7ff8cc189000-7ff8cc18e000 r--s 00029000 00:36 39963                      /root/.m2/repository/org/codehaus/plexus/plexus-archiver/3.4/plexus-archiver-3.4.jar
7ff8cc18e000-7ff8cc192000 r--s 0002f000 00:36 39961                      /root/.m2/repository/commons-io/commons-io/2.5/commons-io-2.5.jar
7ff8cc192000-7ff8cc195000 r--s 00023000 00:36 39956                      /root/.m2/repository/org/apache/maven/shared/maven-shared-utils/3.0.1/maven-shared-utils-3.0.1.jar
7ff8cc195000-7ff8cc196000 r--s 00005000 00:36 39954                      /root/.m2/repository/org/apache/maven/maven-archiver/3.1.1/maven-archiver-3.1.1.jar
7ff8cc196000-7ff8cc198000 r--s 00000000 00:36 39952                      /root/.m2/repository/org/codehaus/plexus/plexus-component-annotations/1.6/plexus-component-annotations-1.6.jar
7ff8cc198000-7ff8cc19c000 r--s 00017000 00:36 39945                      /root/.m2/repository/org/sonatype/aether/aether-util/1.7/aether-util-1.7.jar
7ff8cc19c000-7ff8cc19d000 r--s 00006000 00:36 35992                      /root/.m2/repository/org/apache/maven/plugins/maven-jar-plugin/3.0.2/maven-jar-plugin-3.0.2.jar
7ff8cc19d000-7ff8cc19f000 r--s 00002000 00:36 39580                      /root/.m2/repository/org/apache/maven/plugin-tools/maven-plugin-annotations/3.1/maven-plugin-annotations-3.1.jar
7ff8cc19f000-7ff8cc1a0000 r--s 00002000 00:36 39574                      /root/.m2/repository/org/apache/maven/reporting/maven-reporting-api/2.0.9/maven-reporting-api-2.0.9.jar
7ff8cc1a0000-7ff8cc1a4000 r--s 00035000 00:36 39571                      /root/.m2/repository/org/codehaus/plexus/plexus-utils/3.0.8/plexus-utils-3.0.8.jar
7ff8cc1a4000-7ff8cc1a6000 r--s 00006000 00:36 39567                      /root/.m2/repository/org/apache/maven/shared/maven-common-artifact-filters/1.3/maven-common-artifact-filters-1.3.jar
7ff8cc1a6000-7ff8cc1ac000 r--s 00048000 00:36 39565                      /root/.m2/repository/org/apache/commons/commons-lang3/3.1/commons-lang3-3.1.jar
7ff8cc1ac000-7ff8cc1b1000 r--s 0003c000 00:36 39563                      /root/.m2/repository/org/apache/maven/surefire/maven-surefire-common/2.12.4/maven-surefire-common-2.12.4.jar
7ff8cc1b1000-7ff8cc1b5000 r--s 00019000 00:36 39561                      /root/.m2/repository/org/apache/maven/surefire/surefire-api/2.12.4/surefire-api-2.12.4.jar
7ff8cc1b5000-7ff8cc1b7000 r--s 00007000 00:36 39559                      /root/.m2/repository/org/apache/maven/surefire/surefire-booter/2.12.4/surefire-booter-2.12.4.jar
7ff8cc1b7000-7ff8cc1b8000 r--s 00007000 00:36 35977                      /root/.m2/repository/org/apache/maven/plugins/maven-surefire-plugin/2.12.4/maven-surefire-plugin-2.12.4.jar
7ff8cc1b8000-7ff8cc1bb000 r--s 0001b000 00:36 39439                      /root/.m2/repository/junit/junit/3.8.2/junit-3.8.2.jar
7ff8cc1bb000-7ff8cc1c9000 r--s 0008f000 00:36 39436                      /root/.m2/repository/com/google/collections/google-collections/1.0/google-collections-1.0.jar
7ff8cc1c9000-7ff8cc1ca000 r--s 0000a000 00:36 39432                      /root/.m2/repository/commons-logging/commons-logging-api/1.1/commons-logging-api-1.1.jar
7ff8cc1ca000-7ff8cc1d1000 r--s 00051000 00:36 39430                      /root/.m2/repository/log4j/log4j/1.2.12/log4j-1.2.12.jar
7ff8cc1d1000-7ff8cc1d5000 r--s 0001d000 00:36 39426                      /root/.m2/repository/org/apache/xbean/xbean-reflect/3.4/xbean-reflect-3.4.jar
7ff8cc1d5000-7ff8cc1d6000 r--s 00004000 00:36 39419                      /root/.m2/repository/org/codehaus/plexus/plexus-compiler-javac/2.5/plexus-compiler-javac-2.5.jar
7ff8cc1d6000-7ff8cc1d8000 r--s 00000000 00:36 39414                      /root/.m2/repository/org/codehaus/plexus/plexus-compiler-manager/2.5/plexus-compiler-manager-2.5.jar
7ff8cc1d8000-7ff8cc1da000 r--s 00005000 00:36 39412                      /root/.m2/repository/org/codehaus/plexus/plexus-compiler-api/2.5/plexus-compiler-api-2.5.jar
7ff8cc1da000-7ff8cc1dc000 r--s 00002000 00:36 39408                      /root/.m2/repository/org/apache/maven/shared/maven-shared-incremental/1.1/maven-shared-incremental-1.1.jar
7ff8cc1dc000-7ff8cc1de000 r--s 00006000 00:36 39406                      /root/.m2/repository/com/google/code/findbugs/jsr305/2.0.1/jsr305-2.0.1.jar
7ff8cc1de000-7ff8cc1e2000 r--s 00026000 00:36 39403                      /root/.m2/repository/org/apache/maven/shared/maven-shared-utils/0.7/maven-shared-utils-0.7.jar
7ff8cc1e2000-7ff8cc1ea000 r--s 00049000 00:36 39393                      /root/.m2/repository/backport-util-concurrent/backport-util-concurrent/3.1/backport-util-concurrent-3.1.jar
7ff8cc1ea000-7ff8cc1ec000 r--s 00003000 00:36 39367                      /root/.m2/repository/org/slf4j/jcl-over-slf4j/1.5.6/jcl-over-slf4j-1.5.6.jar
7ff8cc1ec000-7ff8cc1ee000 r--s 00001000 00:36 39361                      /root/.m2/repository/org/slf4j/slf4j-jdk14/1.5.6/slf4j-jdk14-1.5.6.jar
7ff8cc1ee000-7ff8cc1f0000 r--s 0000b000 00:36 39354                      /root/.m2/repository/org/codehaus/plexus/plexus-interpolation/1.11/plexus-interpolation-1.11.jar
7ff8cc1f0000-7ff8cc1f4000 r--s 00034000 00:36 39345                      /root/.m2/repository/org/codehaus/plexus/plexus-utils/1.5.15/plexus-utils-1.5.15.jar
7ff8cc1f4000-7ff8cc1f6000 r--s 0000a000 00:36 35952                      /root/.m2/repository/org/apache/maven/plugins/maven-compiler-plugin/3.3/maven-compiler-plugin-3.3.jar
7ff8cc1f6000-7ff8cc1f8000 r--s 0000d000 00:36 38882                      /root/.m2/repository/org/codehaus/plexus/plexus-interpolation/1.13/plexus-interpolation-1.13.jar
7ff8cc1f8000-7ff8cc1f9000 r--s 00001000 00:36 38879                      /root/.m2/repository/org/sonatype/plexus/plexus-build-api/0.0.4/plexus-build-api-0.0.4.jar
7ff8cc1f9000-7ff8cc1fb000 r--s 00009000 00:36 38880                      /root/.m2/repository/org/apache/maven/shared/maven-filtering/1.1/maven-filtering-1.1.jar
7ff8cc1fb000-7ff8cc1ff000 r--s 00033000 00:36 38875                      /root/.m2/repository/org/codehaus/plexus/plexus-utils/2.0.5/plexus-utils-2.0.5.jar
7ff8cc1ff000-7ff8cc200000 r--s 00001000 00:36 38850                      /root/.m2/repository/org/apache/maven/doxia/doxia-sink-api/1.0-alpha-7/doxia-sink-api-1.0-alpha-7.jar
7ff8cc200000-7ff8cc201000 r--s 00002000 00:36 38848                      /root/.m2/repository/org/apache/maven/reporting/maven-reporting-api/2.0.6/maven-reporting-api-2.0.6.jar
7ff8cc201000-7ff8cc203000 r--s 00006000 00:36 35913                      /root/.m2/repository/org/apache/maven/plugins/maven-resources-plugin/2.6/maven-resources-plugin-2.6.jar
7ff8cc203000-7ff8cc211000 r--s 0007f000 00:36 38662                      /root/.m2/repository/commons-collections/commons-collections/3.2.1/commons-collections-3.2.1.jar
7ff8cc211000-7ff8cc216000 r--s 00041000 00:36 38659                      /root/.m2/repository/commons-lang/commons-lang/2.6/commons-lang-2.6.jar
7ff8cc216000-7ff8cc218000 r--s 00006000 00:36 38654                      /root/.m2/repository/org/apache/maven/shared/maven-invoker/2.0.11/maven-invoker-2.0.11.jar
7ff8cc218000-7ff8cc21a000 r--s 00006000 00:36 38652                      /root/.m2/repository/org/apache/maven/shared/maven-common-artifact-filters/1.4/maven-common-artifact-filters-1.4.jar
7ff8cc21a000-7ff8cc21e000 r--s 0001d000 00:36 38648                      /root/.m2/repository/org/eclipse/aether/aether-util/0.9.0.M2/aether-util-0.9.0.M2.jar
7ff8cc21e000-7ff8cc221000 r--s 0000c000 00:36 38646                      /root/.m2/repository/org/apache/maven/shared/maven-dependency-tree/2.1/maven-dependency-tree-2.1.jar
7ff8cc221000-7ff8cc222000 r--s 0000a000 00:36 38644                      /root/.m2/repository/asm/asm/3.3.1/asm-3.3.1.jar
7ff8cc222000-7ff8cc224000 r--s 00005000 00:36 38639                      /root/.m2/repository/org/apache/maven/shared/maven-dependency-analyzer/1.4/maven-dependency-analyzer-1.4.jar
7ff8cc224000-7ff8cc227000 r--s 0000c000 00:36 38637                      /root/.m2/repository/org/codehaus/plexus/plexus-io/2.0.6/plexus-io-2.0.6.jar
7ff8cc227000-7ff8cc22a000 r--s 0001b000 00:36 38635                      /root/.m2/repository/junit/junit/3.8.1/junit-3.8.1.jar
7ff8cc22a000-7ff8cc22c000 r--s 00008000 00:36 38624                      /root/.m2/repository/org/apache/maven/shared/maven-shared-io/1.1/maven-shared-io-1.1.jar
7ff8cc22c000-7ff8cc22e000 r--s 00008000 00:36 38622                      /root/.m2/repository/org/apache/maven/shared/file-management/1.2.1/file-management-1.2.1.jar
7ff8cc22e000-7ff8cc232000 r--s 00035000 00:36 38619                      /root/.m2/repository/org/codehaus/plexus/plexus-utils/3.0.9/plexus-utils-3.0.9.jar
7ff8cc232000-7ff8cc236000 r--s 0002a000 00:36 38616                      /root/.m2/repository/org/codehaus/plexus/plexus-archiver/2.3/plexus-archiver-2.3.jar
7ff8cc236000-7ff8cc238000 r--s 00004000 00:36 38613                      /root/.m2/repository/org/apache/maven/doxia/doxia-module-xhtml/1.0/doxia-module-xhtml-1.0.jar
7ff8cc238000-7ff8cc239000 r--s 00006000 00:36 38611                      /root/.m2/repository/org/apache/maven/doxia/doxia-module-xdoc/1.0/doxia-module-xdoc-1.0.jar
7ff8cc239000-7ff8cc23a000 r--s 00004000 00:36 38608                      /root/.m2/repository/org/apache/maven/doxia/doxia-module-fml/1.0/doxia-module-fml-1.0.jar
7ff8cc23a000-7ff8cc23c000 r--s 0000a000 00:36 38604                      /root/.m2/repository/org/apache/maven/doxia/doxia-module-apt/1.0/doxia-module-apt-1.0.jar
7ff8cc23c000-7ff8cc23d000 r--s 0000b000 00:36 38601                      /root/.m2/repository/org/apache/maven/doxia/doxia-decoration-model/1.0/doxia-decoration-model-1.0.jar
7ff8cc23d000-7ff8cc245000 r--s 00058000 00:36 38599                      /root/.m2/repository/org/apache/velocity/velocity/1.5/velocity-1.5.jar
7ff8cc245000-7ff8cc246000 r--s 00001000 00:36 38597                      /root/.m2/repository/org/codehaus/plexus/plexus-velocity/1.1.7/plexus-velocity-1.1.7.jar
7ff8cc246000-7ff8cc247000 r--s 00002000 00:36 38591                      /root/.m2/repository/org/codehaus/plexus/plexus-i18n/1.0-beta-7/plexus-i18n-1.0-beta-7.jar
7ff8cc247000-7ff8cc249000 r--s 0000a000 00:36 38589                      /root/.m2/repository/org/apache/maven/doxia/doxia-site-renderer/1.0/doxia-site-renderer-1.0.jar
7ff8cc249000-7ff8cc24a000 r--s 00002000 00:36 38587                      /root/.m2/repository/org/apache/maven/doxia/doxia-sink-api/1.0/doxia-sink-api-1.0.jar
7ff8cc24a000-7ff8cc24f000 r--s 00016000 00:36 38583                      /root/.m2/repository/xml-apis/xml-apis/1.0.b2/xml-apis-1.0.b2.jar
7ff8cc24f000-7ff8cc251000 r--s 0000e000 00:36 38580                      /root/.m2/repository/oro/oro/2.0.8/oro-2.0.8.jar
7ff8cc251000-7ff8cc253000 r--s 00008000 00:36 38576                      /root/.m2/repository/commons-logging/commons-logging/1.0.4/commons-logging-1.0.4.jar
7ff8cc253000-7ff8cc257000 r--s 00026000 00:36 38574                      /root/.m2/repository/commons-digester/commons-digester/1.6/commons-digester-1.6.jar
7ff8cc257000-7ff8cc25c000 r--s 0002a000 00:36 38570                      /root/.m2/repository/commons-beanutils/commons-beanutils/1.7.0/commons-beanutils-1.7.0.jar
7ff8cc25c000-7ff8cc25f000 r--s 00014000 00:36 38568                      /root/.m2/repository/commons-validator/commons-validator/1.2.0/commons-validator-1.2.0.jar
7ff8cc25f000-7ff8cc262000 r--s 00018000 00:36 38566                      /root/.m2/repository/commons-io/commons-io/1.4/commons-io-1.4.jar
7ff8cc262000-7ff8cc264000 r--s 00009000 00:36 38565                      /root/.m2/repository/org/apache/maven/shared/maven-doxia-tools/1.0.2/maven-doxia-tools-1.0.2.jar
7ff8cc264000-7ff8cc267000 r--s 0000b000 00:36 38561                      /root/.m2/repository/org/apache/maven/doxia/doxia-core/1.0/doxia-core-1.0.jar
7ff8cc267000-7ff8cc269000 r--s 00004000 00:36 38556                      /root/.m2/repository/org/apache/maven/reporting/maven-reporting-impl/2.0.5/maven-reporting-impl-2.0.5.jar
7ff8cc269000-7ff8cc26b000 r--s 00002000 00:36 38543                      /root/.m2/repository/org/codehaus/plexus/plexus-interactivity-api/1.0-alpha-4/plexus-interactivity-api-1.0-alpha-4.jar
7ff8cc26b000-7ff8cc26d000 r--s 00006000 00:36 38534                      /root/.m2/repository/commons-cli/commons-cli/1.0/commons-cli-1.0.jar
7ff8cc26d000-7ff8cc46d000 rw-p 00000000 00:00 0 
7ff8cc46d000-7ff8cc66d000 rw-p 00000000 00:00 0 
7ff8cc66d000-7ff8cc670000 ---p 00000000 00:00 0 
7ff8cc670000-7ff8cc76e000 rw-p 00000000 00:00 0 
7ff8cc76e000-7ff8cc771000 ---p 00000000 00:00 0 
7ff8cc771000-7ff8cc86f000 rw-p 00000000 00:00 0 
7ff8cc86f000-7ff8cc872000 ---p 00000000 00:00 0 
7ff8cc872000-7ff8cc970000 rw-p 00000000 00:00 0 
7ff8cc970000-7ff8cc973000 ---p 00000000 00:00 0 
7ff8cc973000-7ff8cca71000 rw-p 00000000 00:00 0 
7ff8cca71000-7ff8cca74000 ---p 00000000 00:00 0 
7ff8cca74000-7ff8ccd72000 rw-p 00000000 00:00 0 
7ff8ccd72000-7ff8ccd73000 r--s 00002000 00:36 38553                      /root/.m2/repository/org/apache/maven/reporting/maven-reporting-api/3.0/maven-reporting-api-3.0.jar
7ff8ccd73000-7ff8ccd76000 r--s 00023000 00:36 35874                      /root/.m2/repository/org/apache/maven/plugins/maven-dependency-plugin/2.8/maven-dependency-plugin-2.8.jar
7ff8ccd76000-7ff8ccd7b000 r--s 0005e000 00:36 36636                      /root/.m2/repository/org/apache-extras/beanshell/bsh/2.1.0-pre/bsh-2.1.0-pre.jar
7ff8ccd7b000-7ff8ccd7d000 r--s 00002000 00:36 36721                      /root/.m2/repository/org/sonatype/plexus/plexus-cipher/1.4/plexus-cipher-1.4.jar
7ff8ccd7d000-7ff8ccd7f000 r--s 00000000 00:36 36717                      /root/.m2/repository/org/codehaus/plexus/plexus-component-annotations/1.5.5/plexus-component-annotations-1.5.5.jar
7ff8ccd7f000-7ff8ccd83000 r--s 00033000 00:36 36709                      /root/.m2/repository/org/codehaus/plexus/plexus-utils/2.0.6/plexus-utils-2.0.6.jar
7ff8ccd83000-7ff8ccd85000 r--s 0000d000 00:36 36707                      /root/.m2/repository/org/codehaus/plexus/plexus-interpolation/1.14/plexus-interpolation-1.14.jar
7ff8ccd85000-7ff8ccd89000 r--s 0001c000 00:36 36703                      /root/.m2/repository/org/sonatype/aether/aether-util/1.13.1/aether-util-1.13.1.jar
7ff8ccd89000-7ff8ccd94000 r--s 00069000 00:36 36673                      /root/.m2/repository/org/sonatype/sisu/sisu-guice/2.1.7/sisu-guice-2.1.7-noaop.jar
7ff8ccd94000-7ff8ccd99000 r--s 00021000 00:36 36670                      /root/.m2/repository/org/sonatype/sisu/sisu-inject-bean/1.4.2/sisu-inject-bean-1.4.2.jar
7ff8ccd99000-7ff8ccf99000 rw-p 00000000 00:00 0 
7ff8ccf99000-7ff8ccfce000 r--s 00000000 00:18 29782                      /run/nscd/db4NHc4R (deleted)
7ff8ccfce000-7ff8cd1ce000 rw-p 00000000 00:00 0 
7ff8cd1ce000-7ff8cd1e4000 r-xp 00000000 00:2f 340311                     /usr/java/jdk1.8.0_231-amd64/jre/lib/amd64/libnet.so
7ff8cd1e4000-7ff8cd3e3000 ---p 00016000 00:2f 340311                     /usr/java/jdk1.8.0_231-amd64/jre/lib/amd64/libnet.so
7ff8cd3e3000-7ff8cd3e4000 r--p 00015000 00:2f 340311                     /usr/java/jdk1.8.0_231-amd64/jre/lib/amd64/libnet.so
7ff8cd3e4000-7ff8cd3e5000 rw-p 00016000 00:2f 340311                     /usr/java/jdk1.8.0_231-amd64/jre/lib/amd64/libnet.so
7ff8cd3e5000-7ff8cd3f6000 r-xp 00000000 00:2f 340312                     /usr/java/jdk1.8.0_231-amd64/jre/lib/amd64/libnio.so
7ff8cd3f6000-7ff8cd5f5000 ---p 00011000 00:2f 340312                     /usr/java/jdk1.8.0_231-amd64/jre/lib/amd64/libnio.so
7ff8cd5f5000-7ff8cd5f6000 r--p 00010000 00:2f 340312                     /usr/java/jdk1.8.0_231-amd64/jre/lib/amd64/libnio.so
7ff8cd5f6000-7ff8cd5f7000 rw-p 00011000 00:2f 340312                     /usr/java/jdk1.8.0_231-amd64/jre/lib/amd64/libnio.so
7ff8cd5f7000-7ff8cd5fa000 r--p 00000000 00:2f 510648                     /lib64/libgcc_s.so.1
7ff8cd5fa000-7ff8cd60b000 r-xp 00003000 00:2f 510648                     /lib64/libgcc_s.so.1
7ff8cd60b000-7ff8cd60f000 r--p 00014000 00:2f 510648                     /lib64/libgcc_s.so.1
7ff8cd60f000-7ff8cd610000 r--p 00017000 00:2f 510648                     /lib64/libgcc_s.so.1
7ff8cd610000-7ff8cd611000 rw-p 00018000 00:2f 510648                     /lib64/libgcc_s.so.1
7ff8cd611000-7ff8cd612000 r--s 00006000 00:36 36719                      /root/.m2/repository/org/sonatype/plexus/plexus-sec-dispatcher/1.3/plexus-sec-dispatcher-1.3.jar
7ff8cd612000-7ff8cd614000 r--s 00007000 00:36 35792                      /root/.m2/repository/net/vpc/common/maven/writer-maven-plugin/1.0.3/writer-maven-plugin-1.0.3.jar
7ff8cd614000-7ff8cd61a000 r--s 0003e000 00:2f 340462                     /usr/java/jdk1.8.0_231-amd64/jre/lib/ext/sunjce_provider.jar
7ff8cd61a000-7ff8cd62f000 r--s 00100000 00:2f 340576                     /usr/java/jdk1.8.0_231-amd64/jre/lib/resources.jar
7ff8cd62f000-7ff8cd667000 r-xp 00000000 00:2f 340322                     /usr/java/jdk1.8.0_231-amd64/jre/lib/amd64/libsunec.so
7ff8cd667000-7ff8cd866000 ---p 00038000 00:2f 340322                     /usr/java/jdk1.8.0_231-amd64/jre/lib/amd64/libsunec.so
7ff8cd866000-7ff8cd86b000 r--p 00037000 00:2f 340322                     /usr/java/jdk1.8.0_231-amd64/jre/lib/amd64/libsunec.so
7ff8cd86b000-7ff8cd86d000 rw-p 0003c000 00:2f 340322                     /usr/java/jdk1.8.0_231-amd64/jre/lib/amd64/libsunec.so
7ff8cd86d000-7ff8cd878000 r--s 0021a000 00:2f 341968                     /usr/java/jdk1.8.0_231-amd64/jre/lib/ext/localedata.jar
7ff8cd878000-7ff8cd89b000 r--s 0038e000 00:2f 340454                     /usr/java/jdk1.8.0_231-amd64/jre/lib/ext/cldrdata.jar
7ff8cd89b000-7ff8cd89d000 r--s 0000d000 00:2f 340461                     /usr/java/jdk1.8.0_231-amd64/jre/lib/ext/sunec.jar
7ff8cd89d000-7ff8cd8a0000 r--s 0001a000 00:2f 340506                     /usr/java/jdk1.8.0_231-amd64/jre/lib/jce.jar
7ff8cd8a0000-7ff8cdaa0000 rw-p 00000000 00:00 0 
7ff8cdaa0000-7ff8cdaa5000 r--s 000a3000 00:2f 341966                     /usr/java/jdk1.8.0_231-amd64/jre/lib/jsse.jar
7ff8cdaa5000-7ff8cdca5000 rw-p 00000000 00:00 0 
7ff8cdca5000-7ff8cdea5000 rw-p 00000000 00:00 0 
7ff8cdea5000-7ff8cdea7000 r--s 0000d000 00:39 3603                       /opt/netbeans/java/maven-nblib/netbeans-eventspy.jar
7ff8cdea7000-7ff8cdeaa000 r--s 0000b000 00:39 3687                       /opt/netbeans/java/maven/lib/wagon-provider-api-2.10.jar
7ff8cdeaa000-7ff8cdeab000 r--s 00002000 00:39 3684                       /opt/netbeans/java/maven/lib/wagon-http-shared-2.10.jar
7ff8cdeab000-7ff8cded9000 r--s 001fa000 00:39 3683                       /opt/netbeans/java/maven/lib/wagon-http-2.10-shaded.jar
7ff8cded9000-7ff8cdeda000 r--s 00002000 00:39 3681                       /opt/netbeans/java/maven/lib/wagon-file-2.10.jar
7ff8cdeda000-7ff8cdedb000 r--s 00002000 00:39 3679                       /opt/netbeans/java/maven/lib/slf4j-simple-1.7.5.jar
7ff8cdedb000-7ff8cdedd000 r--s 00005000 00:39 3677                       /opt/netbeans/java/maven/lib/slf4j-api-1.7.5.jar
7ff8cdedd000-7ff8cdee1000 r--s 00038000 00:39 3676                       /opt/netbeans/java/maven/lib/plexus-utils-3.0.22.jar
7ff8cdee1000-7ff8cdee2000 r--s 00006000 00:39 3674                       /opt/netbeans/java/maven/lib/plexus-sec-dispatcher-1.3.jar
7ff8cdee2000-7ff8cdee5000 r--s 0000d000 00:39 3673                       /opt/netbeans/java/maven/lib/plexus-interpolation-1.21.jar
7ff8cdee5000-7ff8cdee7000 r--s 00000000 00:39 3672                       /opt/netbeans/java/maven/lib/plexus-component-annotations-1.6.jar
7ff8cdee7000-7ff8cdee9000 r--s 00002000 00:39 3670                       /opt/netbeans/java/maven/lib/plexus-cipher-1.7.jar
7ff8cdee9000-7ff8cdeef000 r--s 0002d000 00:39 3668                       /opt/netbeans/java/maven/lib/org.eclipse.sisu.plexus-0.3.2.jar
7ff8cdeef000-7ff8cdef7000 r--s 00055000 00:39 3666                       /opt/netbeans/java/maven/lib/org.eclipse.sisu.inject-0.3.2.jar
7ff8cdef7000-7ff8cdef9000 r--s 00009000 00:39 3663                       /opt/netbeans/java/maven/lib/maven-settings-builder-3.3.9.jar
7ff8cdef9000-7ff8cdefa000 r--s 0000a000 00:39 3662                       /opt/netbeans/java/maven/lib/maven-settings-3.3.9.jar
7ff8cdefa000-7ff8cdefb000 r--s 00006000 00:39 3660                       /opt/netbeans/java/maven/lib/maven-repository-metadata-3.3.9.jar
7ff8cdefb000-7ff8cdefd000 r--s 0000a000 00:39 3658                       /opt/netbeans/java/maven/lib/maven-plugin-api-3.3.9.jar
7ff8cdefd000-7ff8cdf02000 r--s 00027000 00:39 3655                       /opt/netbeans/java/maven/lib/maven-model-builder-3.3.9.jar
7ff8cdf02000-7ff8cdf05000 r--s 00026000 00:39 3654                       /opt/netbeans/java/maven/lib/maven-model-3.3.9.jar
7ff8cdf05000-7ff8cdf08000 r--s 00013000 00:39 3652                       /opt/netbeans/java/maven/lib/maven-embedder-3.3.9.jar
7ff8cdf08000-7ff8cdf33000 r--s 001fc000 00:39 3635                       /opt/netbeans/java/maven/lib/guava-18.0.jar
7ff8cdf33000-7ff8cdf34000 ---p 00000000 00:00 0 
7ff8cdf34000-7ff8ce034000 rw-p 00000000 00:00 0 
7ff8ce034000-7ff8ce037000 ---p 00000000 00:00 0 
7ff8ce037000-7ff8ce135000 rw-p 00000000 00:00 0 
7ff8ce135000-7ff8ce136000 ---p 00000000 00:00 0 
7ff8ce136000-7ff8ce139000 ---p 00000000 00:00 0 
7ff8ce139000-7ff8ce236000 rw-p 00000000 00:00 0 
7ff8ce236000-7ff8ce237000 ---p 00000000 00:00 0 
7ff8ce237000-7ff8ce23a000 ---p 00000000 00:00 0 
7ff8ce23a000-7ff8ce337000 rw-p 00000000 00:00 0 
7ff8ce337000-7ff8ce338000 ---p 00000000 00:00 0 
7ff8ce338000-7ff8ce33b000 ---p 00000000 00:00 0 
7ff8ce33b000-7ff8ce438000 rw-p 00000000 00:00 0 
7ff8ce438000-7ff8ce43b000 ---p 00000000 00:00 0 
7ff8ce43b000-7ff8ce539000 rw-p 00000000 00:00 0 
7ff8ce539000-7ff8ce58c000 r--p 00000000 00:2f 511062                     /usr/lib/locale/en_US.utf8/LC_CTYPE
7ff8ce58c000-7ff8ce804000 r--p 00000000 00:2f 510797                     /usr/lib/locale/en_US.utf8/LC_COLLATE
7ff8ce804000-7ff8ce807000 ---p 00000000 00:00 0 
7ff8ce807000-7ff8ce905000 rw-p 00000000 00:00 0 
7ff8ce905000-7ff8ce908000 ---p 00000000 00:00 0 
7ff8ce908000-7ff8cea06000 rw-p 00000000 00:00 0 
7ff8cea06000-7ff8cea07000 ---p 00000000 00:00 0 
7ff8cea07000-7ff8cfa16000 rw-p 00000000 00:00 0 
7ff8cfa16000-7ff8cfbf0000 r--s 03d41000 00:2f 341965                     /usr/java/jdk1.8.0_231-amd64/jre/lib/rt.jar
7ff8cfbf0000-7ff8d8000000 rw-p 00000000 00:00 0 
7ff8d8000000-7ff8d8024000 rw-p 00000000 00:00 0 
7ff8d8024000-7ff8dc000000 ---p 00000000 00:00 0 
7ff8dc000000-7ff8dc00d000 r--s 0008f000 00:39 3650                       /opt/netbeans/java/maven/lib/maven-core-3.3.9.jar
7ff8dc00d000-7ff8dc013000 r--s 00041000 00:39 3648                       /opt/netbeans/java/maven/lib/maven-compat-3.3.9.jar
7ff8dc013000-7ff8dc014000 r--s 00003000 00:39 3646                       /opt/netbeans/java/maven/lib/maven-builder-support-3.3.9.jar
7ff8dc014000-7ff8dc016000 r--s 0000c000 00:39 3644                       /opt/netbeans/java/maven/lib/maven-artifact-3.3.9.jar
7ff8dc016000-7ff8dc018000 r--s 0000f000 00:39 3642                       /opt/netbeans/java/maven/lib/maven-aether-provider-3.3.9.jar
7ff8dc018000-7ff8dc019000 r--s 00001000 00:39 3640                       /opt/netbeans/java/maven/lib/jsr250-api-1.0.jar
7ff8dc019000-7ff8dc01f000 r--s 00042000 00:39 3638                       /opt/netbeans/java/maven/lib/jsoup-1.7.2.jar
7ff8dc01f000-7ff8dc028000 r--s 0005f000 00:39 3636                       /opt/netbeans/java/maven/lib/guice-4.0-no_aop.jar
7ff8dc028000-7ff8dc02f000 r--s 00064000 00:39 3632                       /opt/netbeans/java/maven/lib/commons-lang3-3.4.jar
7ff8dc02f000-7ff8dc034000 r--s 00041000 00:39 3631                       /opt/netbeans/java/maven/lib/commons-lang-2.6.jar
7ff8dc034000-7ff8dc038000 r--s 00027000 00:39 3630                       /opt/netbeans/java/maven/lib/commons-io-2.2.jar
7ff8dc038000-7ff8dc03a000 r--s 00009000 00:39 3629                       /opt/netbeans/java/maven/lib/commons-cli-1.2.jar
7ff8dc03a000-7ff8dc03d000 r--s 00008000 00:39 3627                       /opt/netbeans/java/maven/lib/cdi-api-1.0.jar
7ff8dc03d000-7ff8dc03f000 r--s 00000000 00:39 3626                       /opt/netbeans/java/maven/lib/aopalliance-1.0.jar
7ff8dc03f000-7ff8dc043000 r--s 00020000 00:39 3624                       /opt/netbeans/java/maven/lib/aether-util-1.0.2.v20150114.jar
7ff8dc043000-7ff8dc045000 r--s 00005000 00:39 3622                       /opt/netbeans/java/maven/lib/aether-transport-wagon-1.0.2.v20150114.jar
7ff8dc045000-7ff8dc047000 r--s 00006000 00:39 3620                       /opt/netbeans/java/maven/lib/aether-spi-1.0.2.v20150114.jar
7ff8dc047000-7ff8dc04c000 r--s 0001d000 00:39 3614                       /opt/netbeans/java/maven/lib/aether-api-1.0.2.v20150114.jar
7ff8dc04c000-7ff8dc9d3000 rw-p 00000000 00:00 0 
7ff8dc9d3000-7ff8dc9d4000 ---p 00000000 00:00 0 
7ff8dc9d4000-7ff8dcb10000 rw-p 00000000 00:00 0 
7ff8dcb10000-7ff8dd000000 ---p 00000000 00:00 0 
7ff8dd000000-7ff8de7d0000 rwxp 00000000 00:00 0 
7ff8de7d0000-7ff8ec000000 ---p 00000000 00:00 0 
7ff8ec000000-7ff8ed384000 rw-p 00000000 00:00 0 
7ff8ed384000-7ff8f0000000 ---p 00000000 00:00 0 
7ff8f0000000-7ff8f0004000 r--s 00027000 00:39 3618                       /opt/netbeans/java/maven/lib/aether-impl-1.0.2.v20150114.jar
7ff8f0004000-7ff8f007a000 rw-p 00000000 00:00 0 
7ff8f007a000-7ff8f007b000 ---p 00000000 00:00 0 
7ff8f007b000-7ff8f017b000 rw-p 00000000 00:00 0 
7ff8f017b000-7ff8f017c000 ---p 00000000 00:00 0 
7ff8f017c000-7ff8f027c000 rw-p 00000000 00:00 0 
7ff8f027c000-7ff8f027d000 ---p 00000000 00:00 0 
7ff8f027d000-7ff8f03b9000 rw-p 00000000 00:00 0 
7ff8f03b9000-7ff8f08a8000 ---p 00000000 00:00 0 
7ff8f08a8000-7ff8f08d4000 rw-p 00000000 00:00 0 
7ff8f08d4000-7ff8f0b3e000 ---p 00000000 00:00 0 
7ff8f0b3e000-7ff8f0b9f000 rw-p 00000000 00:00 0 
7ff8f0b9f000-7ff8f0eff000 ---p 00000000 00:00 0 
7ff8f0eff000-7ff8f0f1a000 r-xp 00000000 00:2f 340326                     /usr/java/jdk1.8.0_231-amd64/jre/lib/amd64/libzip.so
7ff8f0f1a000-7ff8f1119000 ---p 0001b000 00:2f 340326                     /usr/java/jdk1.8.0_231-amd64/jre/lib/amd64/libzip.so
7ff8f1119000-7ff8f111a000 r--p 0001a000 00:2f 340326                     /usr/java/jdk1.8.0_231-amd64/jre/lib/amd64/libzip.so
7ff8f111a000-7ff8f111b000 rw-p 0001b000 00:2f 340326                     /usr/java/jdk1.8.0_231-amd64/jre/lib/amd64/libzip.so
7ff8f111b000-7ff8f1150000 r--s 00000000 00:3a 12787                      /var/lib/nscd/passwd
7ff8f1150000-7ff8f117c000 r-xp 00000000 00:2f 340292                     /usr/java/jdk1.8.0_231-amd64/jre/lib/amd64/libjava.so
7ff8f117c000-7ff8f137c000 ---p 0002c000 00:2f 340292                     /usr/java/jdk1.8.0_231-amd64/jre/lib/amd64/libjava.so
7ff8f137c000-7ff8f137d000 r--p 0002c000 00:2f 340292                     /usr/java/jdk1.8.0_231-amd64/jre/lib/amd64/libjava.so
7ff8f137d000-7ff8f137f000 rw-p 0002d000 00:2f 340292                     /usr/java/jdk1.8.0_231-amd64/jre/lib/amd64/libjava.so
7ff8f137f000-7ff8f138c000 r-xp 00000000 00:2f 340325                     /usr/java/jdk1.8.0_231-amd64/jre/lib/amd64/libverify.so
7ff8f138c000-7ff8f158b000 ---p 0000d000 00:2f 340325                     /usr/java/jdk1.8.0_231-amd64/jre/lib/amd64/libverify.so
7ff8f158b000-7ff8f158d000 r--p 0000c000 00:2f 340325                     /usr/java/jdk1.8.0_231-amd64/jre/lib/amd64/libverify.so
7ff8f158d000-7ff8f158e000 rw-p 0000e000 00:2f 340325                     /usr/java/jdk1.8.0_231-amd64/jre/lib/amd64/libverify.so
7ff8f158e000-7ff8f1591000 r--p 00000000 00:2f 506779                     /lib64/librt-2.30.so
7ff8f1591000-7ff8f1595000 r-xp 00003000 00:2f 506779                     /lib64/librt-2.30.so
7ff8f1595000-7ff8f1597000 r--p 00007000 00:2f 506779                     /lib64/librt-2.30.so
7ff8f1597000-7ff8f1598000 r--p 00008000 00:2f 506779                     /lib64/librt-2.30.so
7ff8f1598000-7ff8f1599000 rw-p 00009000 00:2f 506779                     /lib64/librt-2.30.so
7ff8f1599000-7ff8f159a000 ---p 00000000 00:00 0 
7ff8f159a000-7ff8f159d000 ---p 00000000 00:00 0 
7ff8f159d000-7ff8f169a000 rw-p 00000000 00:00 0 
7ff8f169a000-7ff8f16a9000 r--p 00000000 00:2f 506759                     /lib64/libm-2.30.so
7ff8f16a9000-7ff8f1744000 r-xp 0000f000 00:2f 506759                     /lib64/libm-2.30.so
7ff8f1744000-7ff8f17dd000 r--p 000aa000 00:2f 506759                     /lib64/libm-2.30.so
7ff8f17dd000-7ff8f17de000 r--p 00142000 00:2f 506759                     /lib64/libm-2.30.so
7ff8f17de000-7ff8f17df000 rw-p 00143000 00:2f 506759                     /lib64/libm-2.30.so
7ff8f17df000-7ff8f24c8000 r-xp 00000000 00:2f 340330                     /usr/java/jdk1.8.0_231-amd64/jre/lib/amd64/server/libjvm.so
7ff8f24c8000-7ff8f26c7000 ---p 00ce9000 00:2f 340330                     /usr/java/jdk1.8.0_231-amd64/jre/lib/amd64/server/libjvm.so
7ff8f26c7000-7ff8f275d000 r--p 00ce8000 00:2f 340330                     /usr/java/jdk1.8.0_231-amd64/jre/lib/amd64/server/libjvm.so
7ff8f275d000-7ff8f278e000 rw-p 00d7e000 00:2f 340330                     /usr/java/jdk1.8.0_231-amd64/jre/lib/amd64/server/libjvm.so
7ff8f278e000-7ff8f27cb000 rw-p 00000000 00:00 0 
7ff8f27cb000-7ff8f27f0000 r--p 00000000 00:2f 506755                     /lib64/libc-2.30.so
7ff8f27f0000-7ff8f293d000 r-xp 00025000 00:2f 506755                     /lib64/libc-2.30.so
7ff8f293d000-7ff8f2987000 r--p 00172000 00:2f 506755                     /lib64/libc-2.30.so
7ff8f2987000-7ff8f2988000 ---p 001bc000 00:2f 506755                     /lib64/libc-2.30.so
7ff8f2988000-7ff8f298b000 r--p 001bc000 00:2f 506755                     /lib64/libc-2.30.so
7ff8f298b000-7ff8f298e000 rw-p 001bf000 00:2f 506755                     /lib64/libc-2.30.so
7ff8f298e000-7ff8f2992000 rw-p 00000000 00:00 0 
7ff8f2992000-7ff8f2993000 r--p 00000000 00:2f 506757                     /lib64/libdl-2.30.so
7ff8f2993000-7ff8f2994000 r-xp 00001000 00:2f 506757                     /lib64/libdl-2.30.so
7ff8f2994000-7ff8f2995000 r--p 00002000 00:2f 506757                     /lib64/libdl-2.30.so
7ff8f2995000-7ff8f2996000 r--p 00002000 00:2f 506757                     /lib64/libdl-2.30.so
7ff8f2996000-7ff8f2997000 rw-p 00003000 00:2f 506757                     /lib64/libdl-2.30.so
7ff8f2997000-7ff8f29ae000 r-xp 00000000 00:2f 340602                     /usr/java/jdk1.8.0_231-amd64/lib/amd64/jli/libjli.so
7ff8f29ae000-7ff8f2bad000 ---p 00017000 00:2f 340602                     /usr/java/jdk1.8.0_231-amd64/lib/amd64/jli/libjli.so
7ff8f2bad000-7ff8f2bae000 r--p 00016000 00:2f 340602                     /usr/java/jdk1.8.0_231-amd64/lib/amd64/jli/libjli.so
7ff8f2bae000-7ff8f2baf000 rw-p 00017000 00:2f 340602                     /usr/java/jdk1.8.0_231-amd64/lib/amd64/jli/libjli.so
7ff8f2baf000-7ff8f2bb6000 r--p 00000000 00:2f 506775                     /lib64/libpthread-2.30.so
7ff8f2bb6000-7ff8f2bc6000 r-xp 00007000 00:2f 506775                     /lib64/libpthread-2.30.so
7ff8f2bc6000-7ff8f2bcb000 r--p 00017000 00:2f 506775                     /lib64/libpthread-2.30.so
7ff8f2bcb000-7ff8f2bcc000 r--p 0001b000 00:2f 506775                     /lib64/libpthread-2.30.so
7ff8f2bcc000-7ff8f2bcd000 rw-p 0001c000 00:2f 506775                     /lib64/libpthread-2.30.so
7ff8f2bcd000-7ff8f2bd3000 rw-p 00000000 00:00 0 
7ff8f2bd3000-7ff8f2bd4000 r--s 00000000 00:39 3637                       /opt/netbeans/java/maven/lib/javax.inject-1.jar
7ff8f2bd4000-7ff8f2bd5000 r--s 00008000 00:39 3616                       /opt/netbeans/java/maven/lib/aether-connector-basic-1.0.2.v20150114.jar
7ff8f2bd5000-7ff8f2bd7000 r--s 0000b000 00:39 3610                       /opt/netbeans/java/maven/boot/plexus-classworlds-2.5.2.jar
7ff8f2bd7000-7ff8f2bd8000 r--p 00000000 00:2f 510803                     /usr/lib/locale/en_US.utf8/LC_NUMERIC
7ff8f2bd8000-7ff8f2bd9000 r--p 00000000 00:2f 510806                     /usr/lib/locale/en_US.utf8/LC_TIME
7ff8f2bd9000-7ff8f2bda000 r--p 00000000 00:2f 510801                     /usr/lib/locale/en_US.utf8/LC_MONETARY
7ff8f2bda000-7ff8f2bdb000 r--p 00000000 00:2f 510800                     /usr/lib/locale/en_US.utf8/LC_MESSAGES/SYS_LC_MESSAGES
7ff8f2bdb000-7ff8f2bdc000 r--p 00000000 00:2f 510804                     /usr/lib/locale/en_US.utf8/LC_PAPER
7ff8f2bdc000-7ff8f2bdd000 r--p 00000000 00:2f 510802                     /usr/lib/locale/en_US.utf8/LC_NAME
7ff8f2bdd000-7ff8f2bde000 r--p 00000000 00:2f 510796                     /usr/lib/locale/en_US.utf8/LC_ADDRESS
7ff8f2bde000-7ff8f2bdf000 r--p 00000000 00:2f 510805                     /usr/lib/locale/en_US.utf8/LC_TELEPHONE
7ff8f2bdf000-7ff8f2be0000 r--p 00000000 00:2f 510799                     /usr/lib/locale/en_US.utf8/LC_MEASUREMENT
7ff8f2be0000-7ff8f2be7000 r--s 00000000 00:2f 511063                     /usr/lib64/gconv/gconv-modules.cache
7ff8f2be7000-7ff8f2be8000 r--p 00000000 00:2f 510798                     /usr/lib/locale/en_US.utf8/LC_IDENTIFICATION
7ff8f2be8000-7ff8f2bf0000 rw-s 00000000 00:3b 53335                      /tmp/hsperfdata_root/3551
7ff8f2bf0000-7ff8f2bf1000 rw-p 00000000 00:00 0 
7ff8f2bf1000-7ff8f2bf2000 r--p 00000000 00:2f 506747                     /lib64/ld-2.30.so
7ff8f2bf2000-7ff8f2c11000 r-xp 00001000 00:2f 506747                     /lib64/ld-2.30.so
7ff8f2c11000-7ff8f2c19000 r--p 00020000 00:2f 506747                     /lib64/ld-2.30.so
7ff8f2c19000-7ff8f2c1a000 r--p 00000000 00:00 0 
7ff8f2c1a000-7ff8f2c1b000 r--p 00028000 00:2f 506747                     /lib64/ld-2.30.so
7ff8f2c1b000-7ff8f2c1c000 rw-p 00029000 00:2f 506747                     /lib64/ld-2.30.so
7ff8f2c1c000-7ff8f2c1d000 rw-p 00000000 00:00 0 
7ffe10531000-7ffe10553000 rw-p 00000000 00:00 0                          [stack]
7ffe105b9000-7ffe105bc000 r--p 00000000 00:00 0                          [vvar]
7ffe105bc000-7ffe105bd000 r-xp 00000000 00:00 0                          [vdso]
ffffffffff600000-ffffffffff601000 --xp 00000000 00:00 0                  [vsyscall]

VM Arguments:
jvm_args: -Dclassworlds.conf=/opt/netbeans/java/maven/bin/m2.conf -Dmaven.home=/opt/netbeans/java/maven -Dmaven.multiModuleProjectDirectory=/home/sofiene/Documents/projects/toto 
java_command: org.codehaus.plexus.classworlds.launcher.Launcher -Dmaven.ext.class.path=/opt/netbeans/java/maven-nblib/netbeans-eventspy.jar install
java_class_path (initial): /opt/netbeans/java/maven/boot/plexus-classworlds-2.5.2.jar
Launcher Type: SUN_STANDARD

Environment Variables:
JAVA_HOME=/usr/java/default
JRE_HOME=/usr/lib64/jvm/java-11-openjdk-11
PATH=/root/.local/share/nuts/apps/default-workspace/net/vpc/app/nuts/toolbox/ndi/0.5.8.1:/usr/local/sbin:/usr/local/bin:/sbin:/bin:/usr/sbin:/usr/bin
SHELL=/bin/bash
DISPLAY=:0
HOSTTYPE=x86_64
OSTYPE=linux
MACHTYPE=x86_64-suse-linux

Signal Handlers:
SIGSEGV: [libjvm.so+0xad4d90], sa_mask[0]=11111111011111111101111111111110, sa_flags=SA_RESTART|SA_SIGINFO
SIGBUS: [libjvm.so+0xad4d90], sa_mask[0]=11111111011111111101111111111110, sa_flags=SA_RESTART|SA_SIGINFO
SIGFPE: [libjvm.so+0x90bc10], sa_mask[0]=11111111011111111101111111111110, sa_flags=SA_RESTART|SA_SIGINFO
SIGPIPE: [libjvm.so+0x90bc10], sa_mask[0]=11111111011111111101111111111110, sa_flags=SA_RESTART|SA_SIGINFO
SIGXFSZ: [libjvm.so+0x90bc10], sa_mask[0]=11111111011111111101111111111110, sa_flags=SA_RESTART|SA_SIGINFO
SIGILL: [libjvm.so+0x90bc10], sa_mask[0]=11111111011111111101111111111110, sa_flags=SA_RESTART|SA_SIGINFO
SIGUSR1: SIG_DFL, sa_mask[0]=00000000000000000000000000000000, sa_flags=none
SIGUSR2: [libjvm.so+0x90bae0], sa_mask[0]=00100000000000000000000000000000, sa_flags=SA_RESTART|SA_SIGINFO
SIGHUP: [libjvm.so+0x90c100], sa_mask[0]=11111111011111111101111111111110, sa_flags=SA_RESTART|SA_SIGINFO
SIGINT: SIG_IGN, sa_mask[0]=00000000000000000000000000000000, sa_flags=none
SIGTERM: [libjvm.so+0x90c100], sa_mask[0]=11111111011111111101111111111110, sa_flags=SA_RESTART|SA_SIGINFO
SIGQUIT: [libjvm.so+0x90c100], sa_mask[0]=11111111011111111101111111111110, sa_flags=SA_RESTART|SA_SIGINFO


---------------  S Y S T E M  ---------------

OS:NAME="openSUSE Tumbleweed"
# VERSION="20191204"
ID="opensuse-tumbleweed"
ID_LIKE="opensuse suse"
VERSION_ID="20191204"
PRETTY_NAME="openSUSE Tumbleweed"
ANSI_COLOR="0;32"
CPE_NAME="cpe:/o:opensuse:tumbleweed:20191204"
BUG_REPORT_URL="https://bugs.opensuse.org"
HOME_URL="https://www.opensuse.org/"
LOGO="distributor-logo"

uname:Linux 5.3.12-1-default #1 SMP Thu Nov 21 07:21:43 UTC 2019 (a6f6081) x86_64
libc:glibc 2.30 NPTL 2.30 
rlimit: STACK 8192k, CORE infinity, NPROC 63413, NOFILE 524288, AS infinity
load average:1.14 0.66 0.64

/proc/meminfo:
MemTotal:       16255664 kB
MemFree:        11339820 kB
MemAvailable:   13345476 kB
Buffers:           50076 kB
Cached:          2366416 kB
SwapCached:            0 kB
Active:          2934952 kB
Inactive:        1456484 kB
Active(anon):    2156628 kB
Inactive(anon):    28652 kB
Active(file):     778324 kB
Inactive(file):  1427832 kB
Unevictable:      184880 kB
Mlocked:           10396 kB
SwapTotal:       2097876 kB
SwapFree:        2097876 kB
Dirty:                56 kB
Writeback:             0 kB
AnonPages:       2138600 kB
Mapped:           486836 kB
Shmem:            204544 kB
KReclaimable:     112240 kB
Slab:             214008 kB
SReclaimable:     112240 kB
SUnreclaim:       101768 kB
KernelStack:        7344 kB
PageTables:        13800 kB
NFS_Unstable:          0 kB
Bounce:                0 kB
WritebackTmp:          0 kB
CommitLimit:    10225708 kB
Committed_AS:    5114080 kB
VmallocTotal:   34359738367 kB
VmallocUsed:       28708 kB
VmallocChunk:          0 kB
Percpu:             3040 kB
HardwareCorrupted:     0 kB
AnonHugePages:   1116160 kB
ShmemHugePages:        0 kB
ShmemPmdMapped:        0 kB
HugePages_Total:       0
HugePages_Free:        0
HugePages_Rsvd:        0
HugePages_Surp:        0
Hugepagesize:       2048 kB
Hugetlb:               0 kB
DirectMap4k:      258676 kB
DirectMap2M:     9043968 kB
DirectMap1G:     7340032 kB

container (cgroup) information:
container_type: cgroupv1
cpu_cpuset_cpus: 0-3
cpu_memory_nodes: 0
active_processor_count: 4
cpu_quota: -1
cpu_period: 100000
cpu_shares: -1
memory_limit_in_bytes: -1
memory_and_swap_limit_in_bytes: -2
memory_soft_limit_in_bytes: -1
memory_usage_in_bytes: 3422978048
memory_max_usage_in_bytes: 4070064128


CPU:total 4 (initial active 4) (2 cores per cpu, 2 threads per core) family 6 model 142 stepping 9, cmov, cx8, fxsr, mmx, sse, sse2, sse3, ssse3, sse4.1, sse4.2, popcnt, avx, avx2, aes, clmul, erms, 3dnowpref, lzcnt, ht, tsc, tscinvbit, bmi1, bmi2, adx

/proc/cpuinfo:
processor	: 0
vendor_id	: GenuineIntel
cpu family	: 6
model		: 142
model name	: Intel(R) Core(TM) i7-7500U CPU @ 2.70GHz
stepping	: 9
microcode	: 0xca
cpu MHz		: 799.999
cache size	: 4096 KB
physical id	: 0
siblings	: 4
core id		: 0
cpu cores	: 2
apicid		: 0
initial apicid	: 0
fpu		: yes
fpu_exception	: yes
cpuid level	: 22
wp		: yes
flags		: fpu vme de pse tsc msr pae mce cx8 apic sep mtrr pge mca cmov pat pse36 clflush dts acpi mmx fxsr sse sse2 ss ht tm pbe syscall nx pdpe1gb rdtscp lm constant_tsc art arch_perfmon pebs bts rep_good nopl xtopology nonstop_tsc cpuid aperfmperf pni pclmulqdq dtes64 monitor ds_cpl vmx est tm2 ssse3 sdbg fma cx16 xtpr pdcm pcid sse4_1 sse4_2 x2apic movbe popcnt tsc_deadline_timer aes xsave avx f16c rdrand lahf_lm abm 3dnowprefetch cpuid_fault epb invpcid_single pti ssbd ibrs ibpb stibp tpr_shadow vnmi flexpriority ept vpid ept_ad fsgsbase tsc_adjust bmi1 avx2 smep bmi2 erms invpcid mpx rdseed adx smap clflushopt intel_pt xsaveopt xsavec xgetbv1 xsaves dtherm ida arat pln pts hwp hwp_notify hwp_act_window hwp_epp md_clear flush_l1d
bugs		: cpu_meltdown spectre_v1 spectre_v2 spec_store_bypass l1tf mds swapgs itlb_multihit
bogomips	: 5799.77
clflush size	: 64
cache_alignment	: 64
address sizes	: 39 bits physical, 48 bits virtual
power management:

processor	: 1
vendor_id	: GenuineIntel
cpu family	: 6
model		: 142
model name	: Intel(R) Core(TM) i7-7500U CPU @ 2.70GHz
stepping	: 9
microcode	: 0xca
cpu MHz		: 800.001
cache size	: 4096 KB
physical id	: 0
siblings	: 4
core id		: 1
cpu cores	: 2
apicid		: 2
initial apicid	: 2
fpu		: yes
fpu_exception	: yes
cpuid level	: 22
wp		: yes
flags		: fpu vme de pse tsc msr pae mce cx8 apic sep mtrr pge mca cmov pat pse36 clflush dts acpi mmx fxsr sse sse2 ss ht tm pbe syscall nx pdpe1gb rdtscp lm constant_tsc art arch_perfmon pebs bts rep_good nopl xtopology nonstop_tsc cpuid aperfmperf pni pclmulqdq dtes64 monitor ds_cpl vmx est tm2 ssse3 sdbg fma cx16 xtpr pdcm pcid sse4_1 sse4_2 x2apic movbe popcnt tsc_deadline_timer aes xsave avx f16c rdrand lahf_lm abm 3dnowprefetch cpuid_fault epb invpcid_single pti ssbd ibrs ibpb stibp tpr_shadow vnmi flexpriority ept vpid ept_ad fsgsbase tsc_adjust bmi1 avx2 smep bmi2 erms invpcid mpx rdseed adx smap clflushopt intel_pt xsaveopt xsavec xgetbv1 xsaves dtherm ida arat pln pts hwp hwp_notify hwp_act_window hwp_epp md_clear flush_l1d
bugs		: cpu_meltdown spectre_v1 spectre_v2 spec_store_bypass l1tf mds swapgs itlb_multihit
bogomips	: 5799.77
clflush size	: 64
cache_alignment	: 64
address sizes	: 39 bits physical, 48 bits virtual
power management:

processor	: 2
vendor_id	: GenuineIntel
cpu family	: 6
model		: 142
model name	: Intel(R) Core(TM) i7-7500U CPU @ 2.70GHz
stepping	: 9
microcode	: 0xca
cpu MHz		: 800.000
cache size	: 4096 KB
physical id	: 0
siblings	: 4
core id		: 0
cpu cores	: 2
apicid		: 1
initial apicid	: 1
fpu		: yes
fpu_exception	: yes
cpuid level	: 22
wp		: yes
flags		: fpu vme de pse tsc msr pae mce cx8 apic sep mtrr pge mca cmov pat pse36 clflush dts acpi mmx fxsr sse sse2 ss ht tm pbe syscall nx pdpe1gb rdtscp lm constant_tsc art arch_perfmon pebs bts rep_good nopl xtopology nonstop_tsc cpuid aperfmperf pni pclmulqdq dtes64 monitor ds_cpl vmx est tm2 ssse3 sdbg fma cx16 xtpr pdcm pcid sse4_1 sse4_2 x2apic movbe popcnt tsc_deadline_timer aes xsave avx f16c rdrand lahf_lm abm 3dnowprefetch cpuid_fault epb invpcid_single pti ssbd ibrs ibpb stibp tpr_shadow vnmi flexpriority ept vpid ept_ad fsgsbase tsc_adjust bmi1 avx2 smep bmi2 erms invpcid mpx rdseed adx smap clflushopt intel_pt xsaveopt xsavec xgetbv1 xsaves dtherm ida arat pln pts hwp hwp_notify hwp_act_window hwp_epp md_clear flush_l1d
bugs		: cpu_meltdown spectre_v1 spectre_v2 spec_store_bypass l1tf mds swapgs itlb_multihit
bogomips	: 5799.77
clflush size	: 64
cache_alignment	: 64
address sizes	: 39 bits physical, 48 bits virtual
power management:

processor	: 3
vendor_id	: GenuineIntel
cpu family	: 6
model		: 142
model name	: Intel(R) Core(TM) i7-7500U CPU @ 2.70GHz
stepping	: 9
microcode	: 0xca
cpu MHz		: 799.999
cache size	: 4096 KB
physical id	: 0
siblings	: 4
core id		: 1
cpu cores	: 2
apicid		: 3
initial apicid	: 3
fpu		: yes
fpu_exception	: yes
cpuid level	: 22
wp		: yes
flags		: fpu vme de pse tsc msr pae mce cx8 apic sep mtrr pge mca cmov pat pse36 clflush dts acpi mmx fxsr sse sse2 ss ht tm pbe syscall nx pdpe1gb rdtscp lm constant_tsc art arch_perfmon pebs bts rep_good nopl xtopology nonstop_tsc cpuid aperfmperf pni pclmulqdq dtes64 monitor ds_cpl vmx est tm2 ssse3 sdbg fma cx16 xtpr pdcm pcid sse4_1 sse4_2 x2apic movbe popcnt tsc_deadline_timer aes xsave avx f16c rdrand lahf_lm abm 3dnowprefetch cpuid_fault epb invpcid_single pti ssbd ibrs ibpb stibp tpr_shadow vnmi flexpriority ept vpid ept_ad fsgsbase tsc_adjust bmi1 avx2 smep bmi2 erms invpcid mpx rdseed adx smap clflushopt intel_pt xsaveopt xsavec xgetbv1 xsaves dtherm ida arat pln pts hwp hwp_notify hwp_act_window hwp_epp md_clear flush_l1d
bugs		: cpu_meltdown spectre_v1 spectre_v2 spec_store_bypass l1tf mds swapgs itlb_multihit
bogomips	: 5799.77
clflush size	: 64
cache_alignment	: 64
address sizes	: 39 bits physical, 48 bits virtual
power management:



Memory: 4k page, physical 16255664k(11339820k free), swap 2097876k(2097876k free)

vm_info: Java HotSpot(TM) 64-Bit Server VM (25.231-b11) for linux-amd64 JRE (1.8.0_231-b11), built on Oct  5 2019 03:00:41 by "java_re" with gcc 7.3.0

time: Tue Dec 24 20:03:29 2019
timezone: CET
elapsed time: 1044 seconds (0d 0h 17m 24s)

